[0m09:11:44.262688 [debug] [MainThread]: Sending event: {'category': 'dbt', 'action': 'invocation', 'label': 'start', 'context': [<snowplow_tracker.self_describing_json.SelfDescribingJson object at 0x00000196D56A14C0>, <snowplow_tracker.self_describing_json.SelfDescribingJson object at 0x00000196D5130EC0>, <snowplow_tracker.self_describing_json.SelfDescribingJson object at 0x00000196D51304A0>]}


============================== 09:11:44.272673 | f8e2298a-67f6-4e2d-ad0e-950f3de072a2 ==============================
[0m09:11:44.272673 [info ] [MainThread]: Running with dbt=1.8.7
[0m09:11:44.273660 [debug] [MainThread]: running dbt with arguments {'printer_width': '80', 'indirect_selection': 'eager', 'write_json': 'True', 'log_cache_events': 'False', 'partial_parse': 'True', 'cache_selected_only': 'False', 'warn_error': 'None', 'fail_fast': 'False', 'profiles_dir': 'C:\\Users\\varsh\\.dbt', 'log_path': 'logs', 'version_check': 'True', 'debug': 'False', 'use_colors': 'True', 'use_experimental_parser': 'False', 'no_print': 'None', 'quiet': 'False', 'empty': 'None', 'warn_error_options': 'WarnErrorOptions(include=[], exclude=[])', 'static_parser': 'True', 'log_format': 'default', 'introspect': 'True', 'target_path': 'None', 'invocation_command': 'dbt debug', 'send_anonymous_usage_stats': 'True'}
[0m09:11:44.335570 [info ] [MainThread]: dbt version: 1.8.7
[0m09:11:44.336560 [info ] [MainThread]: python version: 3.12.10
[0m09:11:44.337559 [info ] [MainThread]: python path: C:\Users\varsh\AppData\Local\Microsoft\WindowsApps\PythonSoftwareFoundation.Python.3.12_qbz5n2kfra8p0\python.exe
[0m09:11:44.338558 [info ] [MainThread]: os info: Windows-11-10.0.26100-SP0
[0m09:11:46.290945 [info ] [MainThread]: Using profiles dir at C:\Users\varsh\.dbt
[0m09:11:46.290945 [info ] [MainThread]: Using profiles.yml file at C:\Users\varsh\.dbt\profiles.yml
[0m09:11:46.290945 [info ] [MainThread]: Using dbt_project.yml file at D:\DE\dbt_project.yml
[0m09:11:46.290945 [info ] [MainThread]: adapter type: snowflake
[0m09:11:46.290945 [info ] [MainThread]: adapter version: 1.8.4
[0m09:11:46.290945 [info ] [MainThread]: Configuration:
[0m09:11:46.290945 [info ] [MainThread]:   profiles.yml file [[32mOK found and valid[0m]
[0m09:11:46.290945 [info ] [MainThread]:   dbt_project.yml file [[31mERROR not found[0m]
[0m09:11:46.290945 [info ] [MainThread]: Required dependencies:
[0m09:11:46.290945 [debug] [MainThread]: Executing "git --help"
[0m09:11:46.328116 [debug] [MainThread]: STDOUT: "b"usage: git [-v | --version] [-h | --help] [-C <path>] [-c <name>=<value>]\n           [--exec-path[=<path>]] [--html-path] [--man-path] [--info-path]\n           [-p | --paginate | -P | --no-pager] [--no-replace-objects] [--no-lazy-fetch]\n           [--no-optional-locks] [--no-advice] [--bare] [--git-dir=<path>]\n           [--work-tree=<path>] [--namespace=<name>] [--config-env=<name>=<envvar>]\n           <command> [<args>]\n\nThese are common Git commands used in various situations:\n\nstart a working area (see also: git help tutorial)\n   clone      Clone a repository into a new directory\n   init       Create an empty Git repository or reinitialize an existing one\n\nwork on the current change (see also: git help everyday)\n   add        Add file contents to the index\n   mv         Move or rename a file, a directory, or a symlink\n   restore    Restore working tree files\n   rm         Remove files from the working tree and from the index\n\nexamine the history and state (see also: git help revisions)\n   bisect     Use binary search to find the commit that introduced a bug\n   diff       Show changes between commits, commit and working tree, etc\n   grep       Print lines matching a pattern\n   log        Show commit logs\n   show       Show various types of objects\n   status     Show the working tree status\n\ngrow, mark and tweak your common history\n   backfill   Download missing objects in a partial clone\n   branch     List, create, or delete branches\n   commit     Record changes to the repository\n   merge      Join two or more development histories together\n   rebase     Reapply commits on top of another base tip\n   reset      Reset current HEAD to the specified state\n   switch     Switch branches\n   tag        Create, list, delete or verify a tag object signed with GPG\n\ncollaborate (see also: git help workflows)\n   fetch      Download objects and refs from another repository\n   pull       Fetch from and integrate with another repository or a local branch\n   push       Update remote refs along with associated objects\n\n'git help -a' and 'git help -g' list available subcommands and some\nconcept guides. See 'git help <command>' or 'git help <concept>'\nto read about a specific subcommand or concept.\nSee 'git help git' for an overview of the system.\n""
[0m09:11:46.328116 [debug] [MainThread]: STDERR: "b''"
[0m09:11:46.328116 [info ] [MainThread]:  - git [[32mOK found[0m]

[0m09:11:46.328116 [info ] [MainThread]: Connection:
[0m09:11:46.328116 [info ] [MainThread]:   account: SRACHMF-VO77249
[0m09:11:46.328116 [info ] [MainThread]:   user: VARSHINIPALURI
[0m09:11:46.328116 [info ] [MainThread]:   database: tn_job_portal
[0m09:11:46.328116 [info ] [MainThread]:   warehouse: COMPUTE_WH
[0m09:11:46.343509 [info ] [MainThread]:   role: ACCOUNTADMIN
[0m09:11:46.343509 [info ] [MainThread]:   schema: bronze
[0m09:11:46.344812 [info ] [MainThread]:   authenticator: None
[0m09:11:46.344812 [info ] [MainThread]:   oauth_client_id: None
[0m09:11:46.345783 [info ] [MainThread]:   query_tag: None
[0m09:11:46.346784 [info ] [MainThread]:   client_session_keep_alive: False
[0m09:11:46.346784 [info ] [MainThread]:   host: None
[0m09:11:46.347783 [info ] [MainThread]:   port: None
[0m09:11:46.348784 [info ] [MainThread]:   proxy_host: None
[0m09:11:46.348784 [info ] [MainThread]:   proxy_port: None
[0m09:11:46.349787 [info ] [MainThread]:   protocol: None
[0m09:11:46.350782 [info ] [MainThread]:   connect_retries: 1
[0m09:11:46.350782 [info ] [MainThread]:   connect_timeout: None
[0m09:11:46.351785 [info ] [MainThread]:   retry_on_database_errors: False
[0m09:11:46.351785 [info ] [MainThread]:   retry_all: False
[0m09:11:46.353456 [info ] [MainThread]:   insecure_mode: False
[0m09:11:46.356491 [info ] [MainThread]:   reuse_connections: None
[0m09:11:46.356491 [info ] [MainThread]: Registered adapter: snowflake=1.8.4
[0m09:11:46.698853 [debug] [MainThread]: Acquiring new snowflake connection 'debug'
[0m09:11:46.698853 [debug] [MainThread]: Using snowflake connection "debug"
[0m09:11:46.698853 [debug] [MainThread]: On debug: select 1 as id
[0m09:11:46.698853 [debug] [MainThread]: Opening a new connection, currently in state init
[0m09:11:47.461797 [debug] [MainThread]: SQL status: SUCCESS 1 in 0.774 seconds
[0m09:11:47.476721 [debug] [MainThread]: On debug: Close
[0m09:11:47.662027 [info ] [MainThread]:   Connection test: [[32mOK connection ok[0m]

[0m09:11:47.662027 [info ] [MainThread]: [31m1 check failed:[0m
[0m09:11:47.662027 [info ] [MainThread]: Project loading failed for the following reason:
 project path <D:\DE\dbt_project.yml> not found

[0m09:11:47.662027 [debug] [MainThread]: Command `dbt debug` failed at 09:11:47.662027 after 3.70 seconds
[0m09:11:47.668679 [debug] [MainThread]: Connection 'debug' was properly closed.
[0m09:11:47.668679 [debug] [MainThread]: Sending event: {'category': 'dbt', 'action': 'invocation', 'label': 'end', 'context': [<snowplow_tracker.self_describing_json.SelfDescribingJson object at 0x00000196F6079D60>, <snowplow_tracker.self_describing_json.SelfDescribingJson object at 0x00000196D55545F0>, <snowplow_tracker.self_describing_json.SelfDescribingJson object at 0x00000196F6A45D30>]}
[0m09:11:47.668679 [debug] [MainThread]: Flushing usage events
